<?xml version="1.0" encoding="UTF-8"?>
<testng-results ignored="0" total="1" passed="1" failed="0" skipped="0">
  <reporter-output>
  </reporter-output>
  <suite started-at="2024-03-13T11:51:30 IST" name="Default suite" finished-at="2024-03-13T11:52:10 IST" duration-ms="39736">
    <groups>
      <group name="cucumber">
        <method signature="AbstractTestNGCucumberTests.runScenario(io.cucumber.testng.PickleWrapper,io.cucumber.testng.FeatureWrapper)[pri:0, instance:com.Runner.Runner_Pizzahut@70ed52de]" name="runScenario" class="io.cucumber.testng.AbstractTestNGCucumberTests"/>
      </group> <!-- cucumber -->
    </groups>
    <test started-at="2024-03-13T11:51:30 IST" name="Default test" finished-at="2024-03-13T11:52:10 IST" duration-ms="39736">
      <class name="com.Runner.Runner_Pizzahut">
        <test-method is-config="true" signature="setUpClass(org.testng.ITestContext)[pri:0, instance:com.Runner.Runner_Pizzahut@70ed52de]" started-at="2024-03-13T11:51:30 IST" name="setUpClass" finished-at="2024-03-13T11:51:31 IST" duration-ms="1173" status="PASS">
          <params>
            <param index="0">
              <value>
                <![CDATA[org.testng.TestRunner@642a16aa]]>
              </value>
            </param>
          </params>
          <reporter-output>
          </reporter-output>
        </test-method> <!-- setUpClass -->
        <test-method signature="runScenario(io.cucumber.testng.PickleWrapper,io.cucumber.testng.FeatureWrapper)[pri:0, instance:com.Runner.Runner_Pizzahut@70ed52de]" started-at="2024-03-13T11:51:31 IST" name="runScenario" description="Runs Cucumber Scenarios" data-provider="scenarios" finished-at="2024-03-13T11:52:10 IST" duration-ms="38307" status="PASS">
          <params>
            <param index="0">
              <value>
                <![CDATA["Validate Pizzahut pizza order flow"]]>
              </value>
            </param>
            <param index="1">
              <value>
                <![CDATA["Validate Pizzahut pizza order flow."]]>
              </value>
            </param>
          </params>
          <reporter-output>
          </reporter-output>
        </test-method> <!-- runScenario -->
        <test-method is-config="true" signature="tearDownClass()[pri:0, instance:com.Runner.Runner_Pizzahut@70ed52de]" started-at="2024-03-13T11:52:10 IST" name="tearDownClass" finished-at="2024-03-13T11:52:10 IST" duration-ms="150" status="PASS">
          <reporter-output>
          </reporter-output>
        </test-method> <!-- tearDownClass -->
      </class> <!-- com.Runner.Runner_Pizzahut -->
    </test> <!-- Default test -->
  </suite> <!-- Default suite -->
</testng-results>
